  lodepng.cpp
  main.cpp
E:\Programming\OpenGL\Projects\TeapotVisualStudio\include\rcCodeBase\rcObjToGlFunc.h(46,23): warning C4018: '<': signed/unsigned mismatch
  (compiling source file 'main.cpp')
  
E:\Programming\OpenGL\Projects\TeapotVisualStudio\main.cpp(83,44): warning C4244: 'argument': conversion from 'int' to 'float', possible loss of data
E:\Programming\OpenGL\Projects\TeapotVisualStudio\main.cpp(83,39): warning C4244: 'argument': conversion from 'int' to 'float', possible loss of data
E:\Programming\OpenGL\Projects\TeapotVisualStudio\main.cpp(98,40): warning C4244: 'argument': conversion from 'int' to 'float', possible loss of data
E:\Programming\OpenGL\Projects\TeapotVisualStudio\main.cpp(98,35): warning C4244: 'argument': conversion from 'int' to 'float', possible loss of data
E:\Programming\OpenGL\Projects\TeapotVisualStudio\main.cpp(197,39): warning C4244: 'argument': conversion from 'float' to 'int', possible loss of data
E:\Programming\OpenGL\Projects\TeapotVisualStudio\main.cpp(197,21): warning C4244: 'argument': conversion from 'double' to 'int', possible loss of data
E:\Programming\OpenGL\Projects\TeapotVisualStudio\main.cpp(202,27): warning C4244: 'argument': conversion from 'double' to 'int', possible loss of data
E:\Programming\OpenGL\Projects\TeapotVisualStudio\main.cpp(202,17): warning C4244: 'argument': conversion from 'float' to 'int', possible loss of data
E:\Programming\OpenGL\Projects\TeapotVisualStudio\main.cpp(204,42): warning C4244: 'argument': conversion from 'double' to 'int', possible loss of data
E:\Programming\OpenGL\Projects\TeapotVisualStudio\main.cpp(204,20): warning C4244: 'argument': conversion from 'double' to 'int', possible loss of data
LINK : warning LNK4098: defaultlib 'LIBCMT' conflicts with use of other libs; use /NODEFAULTLIB:library
  Generating code
  Previous IPDB not found, fall back to full compilation.
  All 1141 functions were compiled because no usable IPDB/IOBJ from previous compilation was found.
  Finished generating code
glew32s.lib(glew.obj) : warning LNK4099: PDB '' was not found with 'glew32s.lib(glew.obj)' or at ''; linking object as if no debug info
  TeapotVisualStudio.vcxproj -> E:\Programming\OpenGL\Projects\TeapotVisualStudio\Release\ObjRenderer.exe
          1 file(s) copied.
          1 file(s) copied.
          1 file(s) copied.
          1 file(s) copied.
          1 file(s) copied.
          1 file(s) copied.
